<?xml version="1.0" encoding="UTF-8"?>
<!-- Generated by org.testng.reporters.JUnitXMLReporter -->
<testsuite hostname="Rathish-PC" ignored="1" name="Test" tests="2" failures="0" timestamp="05 Jun 2019 03:48:54 GMT" time="0.049" errors="0">
  <testcase name="para" time="0.013" classname="testngdemo.grpin"/>
  <testcase name="test" time="0.005" classname="testngdemo.grpin"/>
  <testcase name="test2" time="0.0" classname="testngdemo.grpin">
    <ignored/>
  </testcase> <!-- test2 -->
</testsuite> <!-- Test -->
