<?xml version="1.0" encoding="UTF-8"?>
<testng-results skipped="0" failed="0" ignored="1" total="3" passed="2">
  <reporter-output>
  </reporter-output>
  <suite name="Suite" duration-ms="49" started-at="2019-06-05T03:48:54Z" finished-at="2019-06-05T03:48:54Z">
    <groups>
      <group name="Regression">
        <method signature="grpin.para(java.lang.String)[pri:0, instance:testngdemo.grpin@6d00a15d]" name="para" class="testngdemo.grpin"/>
        <method signature="grpin.test()[pri:0, instance:testngdemo.grpin@6d00a15d]" name="test" class="testngdemo.grpin"/>
      </group> <!-- Regression -->
      <group name="SIT">
        <method signature="grpin.test()[pri:0, instance:testngdemo.grpin@6d00a15d]" name="test" class="testngdemo.grpin"/>
      </group> <!-- SIT -->
    </groups>
    <test name="Test" duration-ms="49" started-at="2019-06-05T03:48:54Z" finished-at="2019-06-05T03:48:54Z">
      <class name="testngdemo.grpin">
        <test-method status="PASS" signature="para(java.lang.String)[pri:0, instance:testngdemo.grpin@6d00a15d]" name="para" duration-ms="13" started-at="2019-06-05T03:48:54Z" finished-at="2019-06-05T03:48:54Z">
          <params>
            <param index="0">
              <value>
                <![CDATA[Harshitha]]>
              </value>
            </param>
          </params>
          <reporter-output>
          </reporter-output>
        </test-method> <!-- para -->
        <test-method status="PASS" signature="test()[pri:0, instance:testngdemo.grpin@6d00a15d]" name="test" duration-ms="5" started-at="2019-06-05T03:48:54Z" finished-at="2019-06-05T03:48:54Z">
          <reporter-output>
          </reporter-output>
        </test-method> <!-- test -->
      </class> <!-- testngdemo.grpin -->
    </test> <!-- Test -->
  </suite> <!-- Suite -->
</testng-results>
